[2022-03-27 17:58:47.182] [INFO ] [main] com.example.logbackDemo.LogbackDemoApplication Starting LogbackDemoApplication using Java 11.0.12 on DESKTOP-2V575OB with PID 4864 (D:\work_project\demo\target\classes started by MinWoo in D:\work_project\demo)
[2022-03-27 17:58:47.199] [INFO ] [main] com.example.logbackDemo.LogbackDemoApplication No active profile set, falling back to 1 default profile: "default"
[2022-03-27 17:58:47.202] [INFO ] [background-preinit] org.hibernate.validator.internal.util.Version HV000001: Hibernate Validator 6.2.3.Final
[2022-03-27 17:58:49.002] [INFO ] [main] org.springframework.boot.web.embedded.tomcat.TomcatWebServer Tomcat initialized with port(s): 8080 (http)
[2022-03-27 17:58:49.013] [INFO ] [main] org.apache.coyote.http11.Http11NioProtocol Initializing ProtocolHandler ["http-nio-8080"]
[2022-03-27 17:58:49.014] [INFO ] [main] org.apache.catalina.core.StandardService Starting service [Tomcat]
[2022-03-27 17:58:49.014] [INFO ] [main] org.apache.catalina.core.StandardEngine Starting Servlet engine: [Apache Tomcat/9.0.60]
[2022-03-27 17:58:49.195] [INFO ] [main] org.apache.catalina.core.ContainerBase.[Tomcat].[localhost].[/] Initializing Spring embedded WebApplicationContext
[2022-03-27 17:58:49.196] [INFO ] [main] org.springframework.boot.web.servlet.context.ServletWebServerApplicationContext Root WebApplicationContext: initialization completed in 1919 ms
[2022-03-27 17:58:49.711] [INFO ] [main] springfox.documentation.spring.web.PropertySourcedRequestMappingHandlerMapping Mapped URL path [/v2/api-docs] onto method [springfox.documentation.swagger2.web.Swagger2Controller#getDocumentation(String, HttpServletRequest)]
[2022-03-27 17:58:50.356] [INFO ] [main] org.apache.coyote.http11.Http11NioProtocol Starting ProtocolHandler ["http-nio-8080"]
[2022-03-27 17:58:50.386] [INFO ] [main] org.springframework.boot.web.embedded.tomcat.TomcatWebServer Tomcat started on port(s): 8080 (http) with context path ''
[2022-03-27 17:58:50.387] [INFO ] [main] springfox.documentation.spring.web.plugins.DocumentationPluginsBootstrapper Context refreshed
[2022-03-27 17:58:50.420] [INFO ] [main] springfox.documentation.spring.web.plugins.DocumentationPluginsBootstrapper Found 1 custom documentation plugin(s)
[2022-03-27 17:58:50.494] [INFO ] [main] springfox.documentation.spring.web.scanners.ApiListingReferenceScanner Scanning for api listing references
[2022-03-27 17:58:50.647] [INFO ] [main] com.example.logbackDemo.LogbackDemoApplication Started LogbackDemoApplication in 4.182 seconds (JVM running for 4.864)
[2022-03-27 17:58:54.263] [INFO ] [http-nio-8080-exec-1] org.apache.catalina.core.ContainerBase.[Tomcat].[localhost].[/] Initializing Spring DispatcherServlet 'dispatcherServlet'
[2022-03-27 17:58:54.264] [INFO ] [http-nio-8080-exec-1] org.springframework.web.servlet.DispatcherServlet Initializing Servlet 'dispatcherServlet'
[2022-03-27 17:58:54.265] [INFO ] [http-nio-8080-exec-1] org.springframework.web.servlet.DispatcherServlet Completed initialization in 1 ms
[2022-03-27 17:58:54.286] [INFO ] [http-nio-8080-exec-1] com.example.logbackDemo.controller.HelloController Info Log
[2022-03-27 17:58:54.286] [WARN ] [http-nio-8080-exec-1] com.example.logbackDemo.controller.HelloController Warn Log
[2022-03-27 17:58:54.286] [ERROR] [http-nio-8080-exec-1] com.example.logbackDemo.controller.HelloController Error Log
