[2022-03-27 18:29:34.079] [INFO ] [main] c.e.l.LogbackDemoApplication Starting LogbackDemoApplication using Java 11.0.12 on DESKTOP-2V575OB with PID 9408 (D:\work_project\demo\target\classes started by MinWoo in D:\work_project\demo)
[2022-03-27 18:29:34.081] [INFO ] [main] c.e.l.LogbackDemoApplication No active profile set, falling back to 1 default profile: "default"
[2022-03-27 18:29:34.070] [INFO ] [background-preinit] o.h.v.internal.util.Version HV000001: Hibernate Validator 6.2.3.Final
[2022-03-27 18:29:35.969] [INFO ] [main] o.s.b.w.e.t.TomcatWebServer Tomcat initialized with port(s): 8080 (http)
[2022-03-27 18:29:35.980] [INFO ] [main] o.a.c.http11.Http11NioProtocol Initializing ProtocolHandler ["http-nio-8080"]
[2022-03-27 18:29:35.981] [INFO ] [main] o.a.c.core.StandardService Starting service [Tomcat]
[2022-03-27 18:29:35.982] [INFO ] [main] o.a.c.core.StandardEngine Starting Servlet engine: [Apache Tomcat/9.0.60]
[2022-03-27 18:29:36.163] [INFO ] [main] o.a.c.c.C.[.[localhost].[/] Initializing Spring embedded WebApplicationContext
[2022-03-27 18:29:36.165] [INFO ] [main] o.s.b.w.s.c.ServletWebServerApplicationContext Root WebApplicationContext: initialization completed in 1996 ms
[2022-03-27 18:29:36.861] [INFO ] [main] s.d.s.w.PropertySourcedRequestMappingHandlerMapping Mapped URL path [/v2/api-docs] onto method [springfox.documentation.swagger2.web.Swagger2Controller#getDocumentation(String, HttpServletRequest)]
[2022-03-27 18:29:37.143] [INFO ] [main] o.a.c.http11.Http11NioProtocol Starting ProtocolHandler ["http-nio-8080"]
[2022-03-27 18:29:37.165] [INFO ] [main] o.s.b.w.e.t.TomcatWebServer Tomcat started on port(s): 8080 (http) with context path ''
[2022-03-27 18:29:37.165] [INFO ] [main] s.d.s.w.p.DocumentationPluginsBootstrapper Context refreshed
[2022-03-27 18:29:37.191] [INFO ] [main] s.d.s.w.p.DocumentationPluginsBootstrapper Found 1 custom documentation plugin(s)
[2022-03-27 18:29:37.218] [INFO ] [main] s.d.s.w.s.ApiListingReferenceScanner Scanning for api listing references
[2022-03-27 18:29:37.707] [INFO ] [main] c.e.l.LogbackDemoApplication Started LogbackDemoApplication in 4.469 seconds (JVM running for 5.306)
[2022-03-27 18:29:37.728] [INFO ] [http-nio-8080-exec-1] o.a.c.c.C.[.[localhost].[/] Initializing Spring DispatcherServlet 'dispatcherServlet'
[2022-03-27 18:29:37.729] [INFO ] [http-nio-8080-exec-1] o.s.w.s.DispatcherServlet Initializing Servlet 'dispatcherServlet'
[2022-03-27 18:29:37.730] [INFO ] [http-nio-8080-exec-1] o.s.w.s.DispatcherServlet Completed initialization in 1 ms
[2022-03-27 18:29:42.954] [INFO ] [http-nio-8080-exec-8] c.e.l.c.HelloController Info Log
[2022-03-27 18:29:42.954] [WARN ] [http-nio-8080-exec-8] c.e.l.c.HelloController Warn Log
[2022-03-27 18:29:42.954] [ERROR] [http-nio-8080-exec-8] c.e.l.c.HelloController Error Log
[2022-03-27 18:29:44.396] [INFO ] [http-nio-8080-exec-9] c.e.l.c.HelloController Info Log
[2022-03-27 18:29:44.397] [WARN ] [http-nio-8080-exec-9] c.e.l.c.HelloController Warn Log
[2022-03-27 18:29:44.397] [ERROR] [http-nio-8080-exec-9] c.e.l.c.HelloController Error Log
