[2022-03-27 17:52:00.754] [INFO ] [background-preinit] org.hibernate.validator.internal.util.Version HV000001: Hibernate Validator 6.2.3.Final
[2022-03-27 17:52:00.756] [INFO ] [main] com.example.logbackDemo.LogbackDemoApplication Starting LogbackDemoApplication using Java 11.0.12 on DESKTOP-2V575OB with PID 10612 (D:\work_project\demo\target\classes started by MinWoo in D:\work_project\demo)
[2022-03-27 17:52:00.774] [INFO ] [main] com.example.logbackDemo.LogbackDemoApplication No active profile set, falling back to 1 default profile: "default"
[2022-03-27 17:52:03.247] [INFO ] [main] org.springframework.boot.web.embedded.tomcat.TomcatWebServer Tomcat initialized with port(s): 8080 (http)
[2022-03-27 17:52:03.258] [INFO ] [main] org.apache.coyote.http11.Http11NioProtocol Initializing ProtocolHandler ["http-nio-8080"]
[2022-03-27 17:52:03.260] [INFO ] [main] org.apache.catalina.core.StandardService Starting service [Tomcat]
[2022-03-27 17:52:03.261] [INFO ] [main] org.apache.catalina.core.StandardEngine Starting Servlet engine: [Apache Tomcat/9.0.60]
[2022-03-27 17:52:03.415] [INFO ] [main] org.apache.catalina.core.ContainerBase.[Tomcat].[localhost].[/] Initializing Spring embedded WebApplicationContext
[2022-03-27 17:52:03.416] [INFO ] [main] org.springframework.boot.web.servlet.context.ServletWebServerApplicationContext Root WebApplicationContext: initialization completed in 2567 ms
[2022-03-27 17:52:04.031] [INFO ] [main] springfox.documentation.spring.web.PropertySourcedRequestMappingHandlerMapping Mapped URL path [/v2/api-docs] onto method [springfox.documentation.swagger2.web.Swagger2Controller#getDocumentation(String, HttpServletRequest)]
[2022-03-27 17:52:04.334] [INFO ] [main] org.apache.coyote.http11.Http11NioProtocol Starting ProtocolHandler ["http-nio-8080"]
[2022-03-27 17:52:04.358] [INFO ] [main] org.springframework.boot.web.embedded.tomcat.TomcatWebServer Tomcat started on port(s): 8080 (http) with context path ''
[2022-03-27 17:52:04.359] [INFO ] [main] springfox.documentation.spring.web.plugins.DocumentationPluginsBootstrapper Context refreshed
[2022-03-27 17:52:04.402] [INFO ] [main] springfox.documentation.spring.web.plugins.DocumentationPluginsBootstrapper Found 1 custom documentation plugin(s)
[2022-03-27 17:52:04.439] [INFO ] [main] springfox.documentation.spring.web.scanners.ApiListingReferenceScanner Scanning for api listing references
[2022-03-27 17:52:04.599] [INFO ] [main] com.example.logbackDemo.LogbackDemoApplication Started LogbackDemoApplication in 4.815 seconds (JVM running for 5.67)
[2022-03-27 17:52:13.825] [INFO ] [http-nio-8080-exec-1] org.apache.catalina.core.ContainerBase.[Tomcat].[localhost].[/] Initializing Spring DispatcherServlet 'dispatcherServlet'
[2022-03-27 17:52:13.826] [INFO ] [http-nio-8080-exec-1] org.springframework.web.servlet.DispatcherServlet Initializing Servlet 'dispatcherServlet'
[2022-03-27 17:52:13.828] [INFO ] [http-nio-8080-exec-1] org.springframework.web.servlet.DispatcherServlet Completed initialization in 2 ms
[2022-03-27 17:52:13.855] [INFO ] [http-nio-8080-exec-1] com.example.logbackDemo.controller.HelloController Info Log
[2022-03-27 17:52:13.856] [WARN ] [http-nio-8080-exec-1] com.example.logbackDemo.controller.HelloController Warn Log
[2022-03-27 17:52:13.856] [ERROR] [http-nio-8080-exec-1] com.example.logbackDemo.controller.HelloController Error Log
[2022-03-27 17:52:14.897] [INFO ] [http-nio-8080-exec-2] com.example.logbackDemo.controller.HelloController Info Log
[2022-03-27 17:52:14.897] [WARN ] [http-nio-8080-exec-2] com.example.logbackDemo.controller.HelloController Warn Log
[2022-03-27 17:52:14.897] [ERROR] [http-nio-8080-exec-2] com.example.logbackDemo.controller.HelloController Error Log
[2022-03-27 17:52:15.537] [INFO ] [http-nio-8080-exec-3] com.example.logbackDemo.controller.HelloController Info Log
[2022-03-27 17:52:15.537] [WARN ] [http-nio-8080-exec-3] com.example.logbackDemo.controller.HelloController Warn Log
[2022-03-27 17:52:15.537] [ERROR] [http-nio-8080-exec-3] com.example.logbackDemo.controller.HelloController Error Log
[2022-03-27 17:52:16.199] [INFO ] [http-nio-8080-exec-4] com.example.logbackDemo.controller.HelloController Info Log
[2022-03-27 17:52:16.199] [WARN ] [http-nio-8080-exec-4] com.example.logbackDemo.controller.HelloController Warn Log
[2022-03-27 17:52:16.199] [ERROR] [http-nio-8080-exec-4] com.example.logbackDemo.controller.HelloController Error Log
[2022-03-27 17:52:16.591] [INFO ] [http-nio-8080-exec-5] com.example.logbackDemo.controller.HelloController Info Log
[2022-03-27 17:52:16.592] [WARN ] [http-nio-8080-exec-5] com.example.logbackDemo.controller.HelloController Warn Log
[2022-03-27 17:52:16.592] [ERROR] [http-nio-8080-exec-5] com.example.logbackDemo.controller.HelloController Error Log
[2022-03-27 17:52:16.802] [INFO ] [http-nio-8080-exec-6] com.example.logbackDemo.controller.HelloController Info Log
[2022-03-27 17:52:16.802] [WARN ] [http-nio-8080-exec-6] com.example.logbackDemo.controller.HelloController Warn Log
[2022-03-27 17:52:16.802] [ERROR] [http-nio-8080-exec-6] com.example.logbackDemo.controller.HelloController Error Log
[2022-03-27 17:52:17.003] [INFO ] [http-nio-8080-exec-7] com.example.logbackDemo.controller.HelloController Info Log
[2022-03-27 17:52:17.003] [WARN ] [http-nio-8080-exec-7] com.example.logbackDemo.controller.HelloController Warn Log
[2022-03-27 17:52:17.003] [ERROR] [http-nio-8080-exec-7] com.example.logbackDemo.controller.HelloController Error Log
[2022-03-27 17:52:17.188] [INFO ] [http-nio-8080-exec-8] com.example.logbackDemo.controller.HelloController Info Log
[2022-03-27 17:52:17.188] [WARN ] [http-nio-8080-exec-8] com.example.logbackDemo.controller.HelloController Warn Log
[2022-03-27 17:52:17.188] [ERROR] [http-nio-8080-exec-8] com.example.logbackDemo.controller.HelloController Error Log
[2022-03-27 17:52:17.381] [INFO ] [http-nio-8080-exec-9] com.example.logbackDemo.controller.HelloController Info Log
[2022-03-27 17:52:17.381] [WARN ] [http-nio-8080-exec-9] com.example.logbackDemo.controller.HelloController Warn Log
[2022-03-27 17:52:17.381] [ERROR] [http-nio-8080-exec-9] com.example.logbackDemo.controller.HelloController Error Log
[2022-03-27 17:52:17.578] [INFO ] [http-nio-8080-exec-10] com.example.logbackDemo.controller.HelloController Info Log
[2022-03-27 17:52:17.578] [WARN ] [http-nio-8080-exec-10] com.example.logbackDemo.controller.HelloController Warn Log
[2022-03-27 17:52:17.578] [ERROR] [http-nio-8080-exec-10] com.example.logbackDemo.controller.HelloController Error Log
[2022-03-27 17:52:17.762] [INFO ] [http-nio-8080-exec-1] com.example.logbackDemo.controller.HelloController Info Log
[2022-03-27 17:52:17.762] [WARN ] [http-nio-8080-exec-1] com.example.logbackDemo.controller.HelloController Warn Log
[2022-03-27 17:52:17.762] [ERROR] [http-nio-8080-exec-1] com.example.logbackDemo.controller.HelloController Error Log
[2022-03-27 17:52:17.965] [INFO ] [http-nio-8080-exec-2] com.example.logbackDemo.controller.HelloController Info Log
[2022-03-27 17:52:17.966] [WARN ] [http-nio-8080-exec-2] com.example.logbackDemo.controller.HelloController Warn Log
[2022-03-27 17:52:17.966] [ERROR] [http-nio-8080-exec-2] com.example.logbackDemo.controller.HelloController Error Log
[2022-03-27 17:52:18.160] [INFO ] [http-nio-8080-exec-3] com.example.logbackDemo.controller.HelloController Info Log
[2022-03-27 17:52:18.160] [WARN ] [http-nio-8080-exec-3] com.example.logbackDemo.controller.HelloController Warn Log
[2022-03-27 17:52:18.160] [ERROR] [http-nio-8080-exec-3] com.example.logbackDemo.controller.HelloController Error Log
[2022-03-27 17:52:18.348] [INFO ] [http-nio-8080-exec-4] com.example.logbackDemo.controller.HelloController Info Log
[2022-03-27 17:52:18.348] [WARN ] [http-nio-8080-exec-4] com.example.logbackDemo.controller.HelloController Warn Log
[2022-03-27 17:52:18.348] [ERROR] [http-nio-8080-exec-4] com.example.logbackDemo.controller.HelloController Error Log
[2022-03-27 17:52:18.550] [INFO ] [http-nio-8080-exec-5] com.example.logbackDemo.controller.HelloController Info Log
[2022-03-27 17:52:18.551] [WARN ] [http-nio-8080-exec-5] com.example.logbackDemo.controller.HelloController Warn Log
[2022-03-27 17:52:18.551] [ERROR] [http-nio-8080-exec-5] com.example.logbackDemo.controller.HelloController Error Log
[2022-03-27 17:52:18.720] [INFO ] [http-nio-8080-exec-6] com.example.logbackDemo.controller.HelloController Info Log
[2022-03-27 17:52:18.720] [WARN ] [http-nio-8080-exec-6] com.example.logbackDemo.controller.HelloController Warn Log
[2022-03-27 17:52:18.720] [ERROR] [http-nio-8080-exec-6] com.example.logbackDemo.controller.HelloController Error Log
[2022-03-27 17:52:18.928] [INFO ] [http-nio-8080-exec-7] com.example.logbackDemo.controller.HelloController Info Log
[2022-03-27 17:52:18.928] [WARN ] [http-nio-8080-exec-7] com.example.logbackDemo.controller.HelloController Warn Log
[2022-03-27 17:52:18.928] [ERROR] [http-nio-8080-exec-7] com.example.logbackDemo.controller.HelloController Error Log
[2022-03-27 17:52:19.100] [INFO ] [http-nio-8080-exec-8] com.example.logbackDemo.controller.HelloController Info Log
[2022-03-27 17:52:19.100] [WARN ] [http-nio-8080-exec-8] com.example.logbackDemo.controller.HelloController Warn Log
[2022-03-27 17:52:19.100] [ERROR] [http-nio-8080-exec-8] com.example.logbackDemo.controller.HelloController Error Log
[2022-03-27 17:52:19.301] [INFO ] [http-nio-8080-exec-9] com.example.logbackDemo.controller.HelloController Info Log
[2022-03-27 17:52:19.301] [WARN ] [http-nio-8080-exec-9] com.example.logbackDemo.controller.HelloController Warn Log
[2022-03-27 17:52:19.301] [ERROR] [http-nio-8080-exec-9] com.example.logbackDemo.controller.HelloController Error Log
[2022-03-27 17:52:19.490] [INFO ] [http-nio-8080-exec-10] com.example.logbackDemo.controller.HelloController Info Log
[2022-03-27 17:52:19.490] [WARN ] [http-nio-8080-exec-10] com.example.logbackDemo.controller.HelloController Warn Log
[2022-03-27 17:52:19.490] [ERROR] [http-nio-8080-exec-10] com.example.logbackDemo.controller.HelloController Error Log
[2022-03-27 17:52:19.689] [INFO ] [http-nio-8080-exec-1] com.example.logbackDemo.controller.HelloController Info Log
[2022-03-27 17:52:19.689] [WARN ] [http-nio-8080-exec-1] com.example.logbackDemo.controller.HelloController Warn Log
[2022-03-27 17:52:19.689] [ERROR] [http-nio-8080-exec-1] com.example.logbackDemo.controller.HelloController Error Log
[2022-03-27 17:52:19.869] [INFO ] [http-nio-8080-exec-2] com.example.logbackDemo.controller.HelloController Info Log
[2022-03-27 17:52:19.869] [WARN ] [http-nio-8080-exec-2] com.example.logbackDemo.controller.HelloController Warn Log
[2022-03-27 17:52:19.869] [ERROR] [http-nio-8080-exec-2] com.example.logbackDemo.controller.HelloController Error Log
[2022-03-27 17:52:20.073] [INFO ] [http-nio-8080-exec-3] com.example.logbackDemo.controller.HelloController Info Log
[2022-03-27 17:52:20.073] [WARN ] [http-nio-8080-exec-3] com.example.logbackDemo.controller.HelloController Warn Log
[2022-03-27 17:52:20.073] [ERROR] [http-nio-8080-exec-3] com.example.logbackDemo.controller.HelloController Error Log
[2022-03-27 17:52:20.272] [INFO ] [http-nio-8080-exec-4] com.example.logbackDemo.controller.HelloController Info Log
[2022-03-27 17:52:20.272] [WARN ] [http-nio-8080-exec-4] com.example.logbackDemo.controller.HelloController Warn Log
[2022-03-27 17:52:20.272] [ERROR] [http-nio-8080-exec-4] com.example.logbackDemo.controller.HelloController Error Log
[2022-03-27 17:52:20.483] [INFO ] [http-nio-8080-exec-5] com.example.logbackDemo.controller.HelloController Info Log
[2022-03-27 17:52:20.483] [WARN ] [http-nio-8080-exec-5] com.example.logbackDemo.controller.HelloController Warn Log
[2022-03-27 17:52:20.483] [ERROR] [http-nio-8080-exec-5] com.example.logbackDemo.controller.HelloController Error Log
[2022-03-27 17:52:20.664] [INFO ] [http-nio-8080-exec-6] com.example.logbackDemo.controller.HelloController Info Log
[2022-03-27 17:52:20.664] [WARN ] [http-nio-8080-exec-6] com.example.logbackDemo.controller.HelloController Warn Log
[2022-03-27 17:52:20.664] [ERROR] [http-nio-8080-exec-6] com.example.logbackDemo.controller.HelloController Error Log
[2022-03-27 17:52:20.860] [INFO ] [http-nio-8080-exec-7] com.example.logbackDemo.controller.HelloController Info Log
[2022-03-27 17:52:20.860] [WARN ] [http-nio-8080-exec-7] com.example.logbackDemo.controller.HelloController Warn Log
[2022-03-27 17:52:20.860] [ERROR] [http-nio-8080-exec-7] com.example.logbackDemo.controller.HelloController Error Log
[2022-03-27 17:52:21.060] [INFO ] [http-nio-8080-exec-8] com.example.logbackDemo.controller.HelloController Info Log
[2022-03-27 17:52:21.061] [WARN ] [http-nio-8080-exec-8] com.example.logbackDemo.controller.HelloController Warn Log
[2022-03-27 17:52:21.061] [ERROR] [http-nio-8080-exec-8] com.example.logbackDemo.controller.HelloController Error Log
[2022-03-27 17:52:21.251] [INFO ] [http-nio-8080-exec-9] com.example.logbackDemo.controller.HelloController Info Log
[2022-03-27 17:52:21.251] [WARN ] [http-nio-8080-exec-9] com.example.logbackDemo.controller.HelloController Warn Log
[2022-03-27 17:52:21.251] [ERROR] [http-nio-8080-exec-9] com.example.logbackDemo.controller.HelloController Error Log
[2022-03-27 17:52:21.450] [INFO ] [http-nio-8080-exec-10] com.example.logbackDemo.controller.HelloController Info Log
[2022-03-27 17:52:21.450] [WARN ] [http-nio-8080-exec-10] com.example.logbackDemo.controller.HelloController Warn Log
[2022-03-27 17:52:21.450] [ERROR] [http-nio-8080-exec-10] com.example.logbackDemo.controller.HelloController Error Log
