[2022-03-27 17:53:31.718] [INFO ] [main] com.example.logbackDemo.LogbackDemoApplication Starting LogbackDemoApplication using Java 11.0.12 on DESKTOP-2V575OB with PID 2080 (D:\work_project\demo\target\classes started by MinWoo in D:\work_project\demo)
[2022-03-27 17:53:31.725] [INFO ] [main] com.example.logbackDemo.LogbackDemoApplication No active profile set, falling back to 1 default profile: "default"
[2022-03-27 17:53:31.722] [INFO ] [background-preinit] org.hibernate.validator.internal.util.Version HV000001: Hibernate Validator 6.2.3.Final
[2022-03-27 17:53:34.166] [INFO ] [main] org.springframework.boot.web.embedded.tomcat.TomcatWebServer Tomcat initialized with port(s): 8080 (http)
[2022-03-27 17:53:34.183] [INFO ] [main] org.apache.coyote.http11.Http11NioProtocol Initializing ProtocolHandler ["http-nio-8080"]
[2022-03-27 17:53:34.184] [INFO ] [main] org.apache.catalina.core.StandardService Starting service [Tomcat]
[2022-03-27 17:53:34.184] [INFO ] [main] org.apache.catalina.core.StandardEngine Starting Servlet engine: [Apache Tomcat/9.0.60]
[2022-03-27 17:53:34.341] [INFO ] [main] org.apache.catalina.core.ContainerBase.[Tomcat].[localhost].[/] Initializing Spring embedded WebApplicationContext
[2022-03-27 17:53:34.342] [INFO ] [main] org.springframework.boot.web.servlet.context.ServletWebServerApplicationContext Root WebApplicationContext: initialization completed in 2518 ms
[2022-03-27 17:53:34.927] [INFO ] [main] springfox.documentation.spring.web.PropertySourcedRequestMappingHandlerMapping Mapped URL path [/v2/api-docs] onto method [springfox.documentation.swagger2.web.Swagger2Controller#getDocumentation(String, HttpServletRequest)]
[2022-03-27 17:53:35.209] [INFO ] [main] org.apache.coyote.http11.Http11NioProtocol Starting ProtocolHandler ["http-nio-8080"]
[2022-03-27 17:53:35.235] [INFO ] [main] org.springframework.boot.web.embedded.tomcat.TomcatWebServer Tomcat started on port(s): 8080 (http) with context path ''
[2022-03-27 17:53:35.237] [INFO ] [main] springfox.documentation.spring.web.plugins.DocumentationPluginsBootstrapper Context refreshed
[2022-03-27 17:53:35.260] [INFO ] [main] springfox.documentation.spring.web.plugins.DocumentationPluginsBootstrapper Found 1 custom documentation plugin(s)
[2022-03-27 17:53:35.286] [INFO ] [main] springfox.documentation.spring.web.scanners.ApiListingReferenceScanner Scanning for api listing references
[2022-03-27 17:53:35.424] [INFO ] [main] com.example.logbackDemo.LogbackDemoApplication Started LogbackDemoApplication in 4.784 seconds (JVM running for 5.457)
[2022-03-27 17:54:28.801] [INFO ] [main] com.example.logbackDemo.LogbackDemoApplication Starting LogbackDemoApplication using Java 11.0.12 on DESKTOP-2V575OB with PID 9152 (D:\work_project\demo\target\classes started by MinWoo in D:\work_project\demo)
[2022-03-27 17:54:28.805] [INFO ] [main] com.example.logbackDemo.LogbackDemoApplication No active profile set, falling back to 1 default profile: "default"
[2022-03-27 17:54:28.855] [INFO ] [background-preinit] org.hibernate.validator.internal.util.Version HV000001: Hibernate Validator 6.2.3.Final
[2022-03-27 17:54:30.866] [INFO ] [main] org.springframework.boot.web.embedded.tomcat.TomcatWebServer Tomcat initialized with port(s): 8080 (http)
[2022-03-27 17:54:30.889] [INFO ] [main] org.apache.coyote.http11.Http11NioProtocol Initializing ProtocolHandler ["http-nio-8080"]
[2022-03-27 17:54:30.889] [INFO ] [main] org.apache.catalina.core.StandardService Starting service [Tomcat]
[2022-03-27 17:54:30.889] [INFO ] [main] org.apache.catalina.core.StandardEngine Starting Servlet engine: [Apache Tomcat/9.0.60]
[2022-03-27 17:54:31.094] [INFO ] [main] org.apache.catalina.core.ContainerBase.[Tomcat].[localhost].[/] Initializing Spring embedded WebApplicationContext
[2022-03-27 17:54:31.094] [INFO ] [main] org.springframework.boot.web.servlet.context.ServletWebServerApplicationContext Root WebApplicationContext: initialization completed in 2170 ms
[2022-03-27 17:54:31.807] [INFO ] [main] springfox.documentation.spring.web.PropertySourcedRequestMappingHandlerMapping Mapped URL path [/v2/api-docs] onto method [springfox.documentation.swagger2.web.Swagger2Controller#getDocumentation(String, HttpServletRequest)]
[2022-03-27 17:54:32.119] [INFO ] [main] org.apache.coyote.http11.Http11NioProtocol Starting ProtocolHandler ["http-nio-8080"]
[2022-03-27 17:54:32.154] [INFO ] [main] org.springframework.boot.web.embedded.tomcat.TomcatWebServer Tomcat started on port(s): 8080 (http) with context path ''
[2022-03-27 17:54:32.155] [INFO ] [main] springfox.documentation.spring.web.plugins.DocumentationPluginsBootstrapper Context refreshed
[2022-03-27 17:54:32.182] [INFO ] [main] springfox.documentation.spring.web.plugins.DocumentationPluginsBootstrapper Found 1 custom documentation plugin(s)
[2022-03-27 17:54:32.216] [INFO ] [main] springfox.documentation.spring.web.scanners.ApiListingReferenceScanner Scanning for api listing references
[2022-03-27 17:54:32.352] [INFO ] [main] com.example.logbackDemo.LogbackDemoApplication Started LogbackDemoApplication in 4.263 seconds (JVM running for 4.964)
[2022-03-27 17:54:41.879] [INFO ] [http-nio-8080-exec-1] org.apache.catalina.core.ContainerBase.[Tomcat].[localhost].[/] Initializing Spring DispatcherServlet 'dispatcherServlet'
[2022-03-27 17:54:41.880] [INFO ] [http-nio-8080-exec-1] org.springframework.web.servlet.DispatcherServlet Initializing Servlet 'dispatcherServlet'
[2022-03-27 17:54:41.881] [INFO ] [http-nio-8080-exec-1] org.springframework.web.servlet.DispatcherServlet Completed initialization in 1 ms
[2022-03-27 17:54:41.903] [INFO ] [http-nio-8080-exec-1] com.example.logbackDemo.controller.HelloController Info Log
[2022-03-27 17:54:41.904] [WARN ] [http-nio-8080-exec-1] com.example.logbackDemo.controller.HelloController Warn Log
[2022-03-27 17:54:41.904] [ERROR] [http-nio-8080-exec-1] com.example.logbackDemo.controller.HelloController Error Log
[2022-03-27 17:54:44.988] [INFO ] [http-nio-8080-exec-2] com.example.logbackDemo.controller.HelloController Info Log
[2022-03-27 17:54:44.988] [WARN ] [http-nio-8080-exec-2] com.example.logbackDemo.controller.HelloController Warn Log
[2022-03-27 17:54:44.988] [ERROR] [http-nio-8080-exec-2] com.example.logbackDemo.controller.HelloController Error Log
[2022-03-27 17:54:53.702] [INFO ] [http-nio-8080-exec-3] com.example.logbackDemo.controller.HelloController Info Log
[2022-03-27 17:54:53.703] [WARN ] [http-nio-8080-exec-3] com.example.logbackDemo.controller.HelloController Warn Log
[2022-03-27 17:54:53.703] [ERROR] [http-nio-8080-exec-3] com.example.logbackDemo.controller.HelloController Error Log
[2022-03-27 17:54:54.343] [INFO ] [http-nio-8080-exec-4] com.example.logbackDemo.controller.HelloController Info Log
[2022-03-27 17:54:54.343] [WARN ] [http-nio-8080-exec-4] com.example.logbackDemo.controller.HelloController Warn Log
[2022-03-27 17:54:54.343] [ERROR] [http-nio-8080-exec-4] com.example.logbackDemo.controller.HelloController Error Log
[2022-03-27 17:54:55.319] [INFO ] [http-nio-8080-exec-5] com.example.logbackDemo.controller.HelloController Info Log
[2022-03-27 17:54:55.319] [WARN ] [http-nio-8080-exec-5] com.example.logbackDemo.controller.HelloController Warn Log
[2022-03-27 17:54:55.319] [ERROR] [http-nio-8080-exec-5] com.example.logbackDemo.controller.HelloController Error Log
[2022-03-27 17:54:56.589] [INFO ] [http-nio-8080-exec-6] com.example.logbackDemo.controller.HelloController Info Log
[2022-03-27 17:54:56.589] [WARN ] [http-nio-8080-exec-6] com.example.logbackDemo.controller.HelloController Warn Log
[2022-03-27 17:54:56.589] [ERROR] [http-nio-8080-exec-6] com.example.logbackDemo.controller.HelloController Error Log
[2022-03-27 17:54:56.787] [INFO ] [http-nio-8080-exec-7] com.example.logbackDemo.controller.HelloController Info Log
[2022-03-27 17:54:56.787] [WARN ] [http-nio-8080-exec-7] com.example.logbackDemo.controller.HelloController Warn Log
[2022-03-27 17:54:56.787] [ERROR] [http-nio-8080-exec-7] com.example.logbackDemo.controller.HelloController Error Log
[2022-03-27 17:54:57.523] [INFO ] [http-nio-8080-exec-8] com.example.logbackDemo.controller.HelloController Info Log
[2022-03-27 17:54:57.523] [WARN ] [http-nio-8080-exec-8] com.example.logbackDemo.controller.HelloController Warn Log
[2022-03-27 17:54:57.524] [ERROR] [http-nio-8080-exec-8] com.example.logbackDemo.controller.HelloController Error Log
[2022-03-27 17:54:58.420] [INFO ] [http-nio-8080-exec-9] com.example.logbackDemo.controller.HelloController Info Log
[2022-03-27 17:54:58.420] [WARN ] [http-nio-8080-exec-9] com.example.logbackDemo.controller.HelloController Warn Log
[2022-03-27 17:54:58.420] [ERROR] [http-nio-8080-exec-9] com.example.logbackDemo.controller.HelloController Error Log
[2022-03-27 17:54:59.184] [INFO ] [http-nio-8080-exec-10] com.example.logbackDemo.controller.HelloController Info Log
[2022-03-27 17:54:59.185] [WARN ] [http-nio-8080-exec-10] com.example.logbackDemo.controller.HelloController Warn Log
[2022-03-27 17:54:59.185] [ERROR] [http-nio-8080-exec-10] com.example.logbackDemo.controller.HelloController Error Log
[2022-03-27 17:55:00.139] [INFO ] [http-nio-8080-exec-1] com.example.logbackDemo.controller.HelloController Info Log
[2022-03-27 17:55:00.139] [WARN ] [http-nio-8080-exec-1] com.example.logbackDemo.controller.HelloController Warn Log
[2022-03-27 17:55:00.139] [ERROR] [http-nio-8080-exec-1] com.example.logbackDemo.controller.HelloController Error Log
[2022-03-27 17:55:01.173] [INFO ] [http-nio-8080-exec-2] com.example.logbackDemo.controller.HelloController Info Log
[2022-03-27 17:55:01.173] [WARN ] [http-nio-8080-exec-2] com.example.logbackDemo.controller.HelloController Warn Log
[2022-03-27 17:55:01.173] [ERROR] [http-nio-8080-exec-2] com.example.logbackDemo.controller.HelloController Error Log
[2022-03-27 17:55:02.890] [INFO ] [http-nio-8080-exec-3] com.example.logbackDemo.controller.HelloController Info Log
[2022-03-27 17:55:02.890] [WARN ] [http-nio-8080-exec-3] com.example.logbackDemo.controller.HelloController Warn Log
[2022-03-27 17:55:02.890] [ERROR] [http-nio-8080-exec-3] com.example.logbackDemo.controller.HelloController Error Log
[2022-03-27 17:56:35.208] [INFO ] [background-preinit] org.hibernate.validator.internal.util.Version HV000001: Hibernate Validator 6.2.3.Final
[2022-03-27 17:56:35.199] [INFO ] [main] com.example.logbackDemo.LogbackDemoApplication Starting LogbackDemoApplication using Java 11.0.12 on DESKTOP-2V575OB with PID 9804 (D:\work_project\demo\target\classes started by MinWoo in D:\work_project\demo)
[2022-03-27 17:56:35.214] [INFO ] [main] com.example.logbackDemo.LogbackDemoApplication No active profile set, falling back to 1 default profile: "default"
[2022-03-27 17:56:37.314] [INFO ] [main] org.springframework.boot.web.embedded.tomcat.TomcatWebServer Tomcat initialized with port(s): 8080 (http)
[2022-03-27 17:56:37.323] [INFO ] [main] org.apache.coyote.http11.Http11NioProtocol Initializing ProtocolHandler ["http-nio-8080"]
[2022-03-27 17:56:37.323] [INFO ] [main] org.apache.catalina.core.StandardService Starting service [Tomcat]
[2022-03-27 17:56:37.324] [INFO ] [main] org.apache.catalina.core.StandardEngine Starting Servlet engine: [Apache Tomcat/9.0.60]
[2022-03-27 17:56:37.471] [INFO ] [main] org.apache.catalina.core.ContainerBase.[Tomcat].[localhost].[/] Initializing Spring embedded WebApplicationContext
[2022-03-27 17:56:37.471] [INFO ] [main] org.springframework.boot.web.servlet.context.ServletWebServerApplicationContext Root WebApplicationContext: initialization completed in 2169 ms
[2022-03-27 17:56:38.154] [INFO ] [main] springfox.documentation.spring.web.PropertySourcedRequestMappingHandlerMapping Mapped URL path [/v2/api-docs] onto method [springfox.documentation.swagger2.web.Swagger2Controller#getDocumentation(String, HttpServletRequest)]
[2022-03-27 17:56:38.472] [INFO ] [main] org.apache.coyote.http11.Http11NioProtocol Starting ProtocolHandler ["http-nio-8080"]
[2022-03-27 17:56:38.500] [INFO ] [main] org.springframework.boot.web.embedded.tomcat.TomcatWebServer Tomcat started on port(s): 8080 (http) with context path ''
[2022-03-27 17:56:38.500] [INFO ] [main] springfox.documentation.spring.web.plugins.DocumentationPluginsBootstrapper Context refreshed
[2022-03-27 17:56:38.522] [INFO ] [main] springfox.documentation.spring.web.plugins.DocumentationPluginsBootstrapper Found 1 custom documentation plugin(s)
[2022-03-27 17:56:38.558] [INFO ] [main] springfox.documentation.spring.web.scanners.ApiListingReferenceScanner Scanning for api listing references
[2022-03-27 17:56:38.701] [INFO ] [main] com.example.logbackDemo.LogbackDemoApplication Started LogbackDemoApplication in 4.467 seconds (JVM running for 5.183)
[2022-03-27 17:56:42.050] [INFO ] [http-nio-8080-exec-1] org.apache.catalina.core.ContainerBase.[Tomcat].[localhost].[/] Initializing Spring DispatcherServlet 'dispatcherServlet'
[2022-03-27 17:56:42.050] [INFO ] [http-nio-8080-exec-1] org.springframework.web.servlet.DispatcherServlet Initializing Servlet 'dispatcherServlet'
[2022-03-27 17:56:42.051] [INFO ] [http-nio-8080-exec-1] org.springframework.web.servlet.DispatcherServlet Completed initialization in 0 ms
[2022-03-27 17:56:42.081] [INFO ] [http-nio-8080-exec-1] com.example.logbackDemo.controller.HelloController Info Log
[2022-03-27 17:56:42.081] [WARN ] [http-nio-8080-exec-1] com.example.logbackDemo.controller.HelloController Warn Log
[2022-03-27 17:56:42.081] [ERROR] [http-nio-8080-exec-1] com.example.logbackDemo.controller.HelloController Error Log
